[Licensing::Module] Trying to connect to existing licensing client channel...
Built from '6000.2/staging' branch; Version is '6000.2.4f1 (17550c9bb584) revision 1529100'; Using compiler version '194234433'; Build Type 'Release'
[Licensing::IpcConnector] Successfully connected to: "LicenseClient-cthda" at "2025-09-18T19:45:57.4854318Z"
OS: 'Windows 10  (10.0.19045) 64bit Core' Language: 'en' Physical Memory: 32694 MB
BatchMode: 1, IsHumanControllingUs: 0, StartBugReporterOnCrash: 0, Is64bit: 1
Date: 2025-09-18T19:45:57Z

COMMAND LINE ARGUMENTS:
C:\Program Files\Unity\Hub\Editor\6000.2.4f1\Editor\Unity.exe
-adb2
-batchMode
-noUpm
-name
AssetImportWorker5
-projectPath
C:/Users/cthda/Desktop/shit/Skool/Gamedev/lab1/My project
-logFile
Logs/AssetImportWorker5.log
-srvPort
52471
-licensingIpc
LicenseClient-cthda
-job-worker-count
5
-background-job-worker-count
8
-gc-helper-count
1
-name
AssetImport
Successfully changed project path to: C:/Users/cthda/Desktop/shit/Skool/Gamedev/lab1/My project
C:/Users/cthda/Desktop/shit/Skool/Gamedev/lab1/My project
[UnityMemory] Configuration Parameters - Can be set up in boot.config
    "memorysetup-allocator-temp-initial-block-size-main=262144"
    "memorysetup-allocator-temp-initial-block-size-worker=262144"
    "memorysetup-bucket-allocator-granularity=16"
    "memorysetup-bucket-allocator-bucket-count=8"
    "memorysetup-bucket-allocator-block-size=33554432"
    "memorysetup-bucket-allocator-block-count=8"
    "memorysetup-main-allocator-block-size=16777216"
    "memorysetup-thread-allocator-block-size=16777216"
    "memorysetup-gfx-main-allocator-block-size=16777216"
    "memorysetup-gfx-thread-allocator-block-size=16777216"
    "memorysetup-cache-allocator-block-size=4194304"
    "memorysetup-typetree-allocator-block-size=2097152"
    "memorysetup-profiler-bucket-allocator-granularity=16"
    "memorysetup-profiler-bucket-allocator-bucket-count=8"
    "memorysetup-profiler-bucket-allocator-block-size=33554432"
    "memorysetup-profiler-bucket-allocator-block-count=8"
    "memorysetup-profiler-allocator-block-size=16777216"
    "memorysetup-profiler-editor-allocator-block-size=1048576"
    "memorysetup-temp-allocator-size-main=16777216"
    "memorysetup-job-temp-allocator-block-size=2097152"
    "memorysetup-job-temp-allocator-block-size-background=1048576"
    "memorysetup-job-temp-allocator-reduction-small-platforms=262144"
    "memorysetup-temp-allocator-size-background-worker=32768"
    "memorysetup-temp-allocator-size-job-worker=262144"
    "memorysetup-temp-allocator-size-preload-manager=33554432"
    "memorysetup-temp-allocator-size-nav-mesh-worker=65536"
    "memorysetup-temp-allocator-size-audio-worker=65536"
    "memorysetup-temp-allocator-size-cloud-worker=32768"
    "memorysetup-temp-allocator-size-gi-baking-worker=262144"
    "memorysetup-temp-allocator-size-gi-baking-worker=262144"
    "memorysetup-temp-allocator-size-gi-baking-worker=262144"
    "memorysetup-temp-allocator-size-gi-baking-worker=262144"
    "memorysetup-temp-allocator-size-gi-baking-worker=262144"
    "memorysetup-temp-allocator-size-gfx=262144"
Player connection [14980]  Target information:

Player connection [14980]  * "[IP] 192.168.66.13 [Port] 0 [Flags] 2 [Guid] 219596896 [EditorId] 219596896 [Version] 1048832 [Id] WindowsEditor(7,lingyuan-PC) [Debug] 1 [PackageName] WindowsEditor [ProjectName] Editor" 

Player connection [14980]  * "[IP] 100.73.116.102 [Port] 0 [Flags] 2 [Guid] 219596896 [EditorId] 219596896 [Version] 1048832 [Id] WindowsEditor(7,lingyuan-PC) [Debug] 1 [PackageName] WindowsEditor [ProjectName] Editor" 

Player connection [14980] Host joined multi-casting on [225.0.0.222:54997]...
Player connection [14980] Host joined alternative multi-casting on [225.0.0.222:34997]...
JobSystem: Creating JobQueue using job-worker-count value 5
Input System module state changed to: Initialized.
[Physics::Module] Initialized fallback backend.
[Physics::Module] Id: 0xdecafbad
[Licensing::Client] Code 10 while verifying Licensing Client signature (process Id: 18784, path: "C:/Program Files/Unity Hub/UnityLicensingClient_V1/Unity.Licensing.Client.exe")
[Licensing::Module] LicensingClient has failed validation; ignoring
[Licensing::Client] Error: HandshakeResponse reported an error:
	ResponseCode: 505
	ResponseStatus: Unsupported protocol version '1.17.2'.
[Licensing::Module] Error: Failed to handshake to channel: "LicenseClient-cthda"
[Licensing::IpcConnector] LicenseClient-cthda channel disconnected successfully.
[Licensing::IpcConnector] Successfully connected to: "LicenseClient-cthda-6000.2.4" at "2025-09-18T19:45:57.5292718Z"
[Licensing::Client] Code 10 while verifying Licensing Client signature (process Id: 31604, path: "C:/Program Files/Unity/Hub/Editor/6000.2.4f1/Editor/Data/Resources/Licensing/Client/Unity.Licensing.Client.exe")
[Licensing::Module] LicensingClient has failed validation; ignoring
[Licensing::Client] Handshaking with LicensingClient:
  Version:                 1.17.2+ff71f16
  Session Id:              fd8690887cf34e42bd633a2fa297df75
  Correlation Id:          dd18a73d75c956440183d56127af5406
  External correlation Id: 7173030856517338219
  Machine Id:              kMEcHrwB98pmyAfTmCb7cj7Zytk=
[Licensing::Module] Successfully connected to LicensingClient on channel: "LicenseClient-cthda-6000.2.4" (connect: 0.00s, validation: 0.00s, handshake: 0.01s)
[Licensing::IpcConnector] Successfully connected to: "LicenseClient-cthda-6000.2.4-notifications" at "2025-09-18T19:45:57.5382172Z"
[Licensing::Module] Licensing Background thread has ended after 0.05s
Library Redirect Path: Library/
[Physics::Module] Selected backend.
[Physics::Module] Name: PhysX
[Physics::Module] Id: 0xf2b8ea05
[Physics::Module] SDK Version: 4.1.2
[Physics::Module] Integration Version: 1.0.0
[Physics::Module] Threading Mode: Multi-Threaded
Refreshing native plugins compatible for Editor in 9.77 ms, found 4 plugins.
Preloading 0 native plugins for Editor in 0.00 ms.
Initialize engine version: 6000.2.4f1 (17550c9bb584)
[Subsystems] Discovering subsystems at path C:/Program Files/Unity/Hub/Editor/6000.2.4f1/Editor/Data/Resources/UnitySubsystems
[Subsystems] Discovering subsystems at path C:/Users/cthda/Desktop/shit/Skool/Gamedev/lab1/My project/Assets
GfxDevice: creating device client; kGfxThreadingModeNonThreaded
d3d12: failed to query info queue interface (0x80004002).
Direct3D:
    Version:         Direct3D 12 [level 12.1]
    Renderer:        NVIDIA GeForce RTX 3070 (ID=0x2484)
    Vendor:          NVIDIA
    VRAM:            8018 MB
    App VRAM Budget: 7250 MB
    Driver:          32.0.15.7602
Initialize mono
Mono path[0] = 'C:/Program Files/Unity/Hub/Editor/6000.2.4f1/Editor/Data/Managed'
Mono path[1] = 'C:/Program Files/Unity/Hub/Editor/6000.2.4f1/Editor/Data/MonoBleedingEdge/lib/mono/unityjit-win32'
Mono config path = 'C:/Program Files/Unity/Hub/Editor/6000.2.4f1/Editor/Data/MonoBleedingEdge/etc'
Using monoOptions --debugger-agent=transport=dt_socket,embedding=1,server=y,suspend=n,address=127.0.0.1:56916
Begin MonoManager ReloadAssembly
Registering precompiled unity dll's ...
Register platform support module: C:/Program Files/Unity/Hub/Editor/6000.2.4f1/Editor/Data/PlaybackEngines/WindowsStandaloneSupport/UnityEditor.WindowsStandalone.Extensions.dll
Registered in 0.003578 seconds.
- Loaded All Assemblies, in  0.697 seconds
Native extension for WindowsStandalone target not found
Mono: successfully reloaded assembly
- Finished resetting the current domain, in  0.602 seconds
Domain Reload Profiling: 1294ms
	BeginReloadAssembly (262ms)
		ExecutionOrderSort (0ms)
		DisableScriptedObjects (0ms)
		BackupInstance (0ms)
		ReleaseScriptingObjects (0ms)
		CreateAndSetChildDomain (1ms)
	RebuildCommonClasses (65ms)
	RebuildNativeTypeToScriptingClass (23ms)
	initialDomainReloadingComplete (83ms)
	LoadAllAssembliesAndSetupDomain (259ms)
		LoadAssemblies (258ms)
		RebuildTransferFunctionScriptingTraits (0ms)
		AnalyzeDomain (254ms)
			TypeCache.Refresh (252ms)
				TypeCache.ScanAssembly (234ms)
			BuildScriptInfoCaches (0ms)
			ResolveRequiredComponents (1ms)
	FinalizeReload (602ms)
		ReleaseScriptCaches (0ms)
		RebuildScriptCaches (0ms)
		SetupLoadedEditorAssemblies (526ms)
			LogAssemblyErrors (0ms)
			InitializePlatformSupportModulesInManaged (118ms)
			SetLoadedEditorAssemblies (5ms)
			BeforeProcessingInitializeOnLoad (108ms)
			ProcessInitializeOnLoadAttributes (209ms)
			ProcessInitializeOnLoadMethodAttributes (85ms)
			AfterProcessingInitializeOnLoad (0ms)
			EditorAssembliesLoaded (0ms)
		ExecutionOrderSort2 (0ms)
		AwakeInstancesAfterBackupRestoration (0ms)
========================================================================
Worker process is ready to serve import requests
Import Worker Mode flag is 0x00
Begin MonoManager ReloadAssembly
[Licensing::Client] Successfully resolved entitlement details
[Licensing::Module] License group:
  Id: 18968331106513-UnityPersXXXX
  Product: Unity Personal
  Type: Assigned
  Expiration: Unlimited
- Loaded All Assemblies, in  1.308 seconds
Refreshing native plugins compatible for Editor in 2.28 ms, found 4 plugins.
Native extension for WindowsStandalone target not found
Package Manager log level set to [2]
[Package Manager] Failed to launch server process. Reason: Unity was launched with the -noUpm command-line argument
[Package Manager] Unable to send message (not connected to server process).
[Package Manager] Cannot connect to Unity Package Manager local server
Mono: successfully reloaded assembly
- Finished resetting the current domain, in  1.082 seconds
Domain Reload Profiling: 2382ms
	BeginReloadAssembly (285ms)
		ExecutionOrderSort (0ms)
		DisableScriptedObjects (9ms)
		BackupInstance (0ms)
		ReleaseScriptingObjects (0ms)
		CreateAndSetChildDomain (45ms)
	RebuildCommonClasses (64ms)
	RebuildNativeTypeToScriptingClass (21ms)
	initialDomainReloadingComplete (61ms)
	LoadAllAssembliesAndSetupDomain (868ms)
		LoadAssemblies (593ms)
		RebuildTransferFunctionScriptingTraits (0ms)
		AnalyzeDomain (439ms)
			TypeCache.Refresh (317ms)
				TypeCache.ScanAssembly (298ms)
			BuildScriptInfoCaches (101ms)
			ResolveRequiredComponents (17ms)
	FinalizeReload (1083ms)
		ReleaseScriptCaches (0ms)
		RebuildScriptCaches (0ms)
		SetupLoadedEditorAssemblies (872ms)
			LogAssemblyErrors (0ms)
			InitializePlatformSupportModulesInManaged (3ms)
			SetLoadedEditorAssemblies (8ms)
			BeforeProcessingInitializeOnLoad (197ms)
			ProcessInitializeOnLoadAttributes (528ms)
			ProcessInitializeOnLoadMethodAttributes (130ms)
			AfterProcessingInitializeOnLoad (7ms)
			EditorAssembliesLoaded (0ms)
		ExecutionOrderSort2 (0ms)
		AwakeInstancesAfterBackupRestoration (9ms)
Launched and connected shader compiler UnityShaderCompiler.exe after 0.02 seconds
Refreshing native plugins compatible for Editor in 3.05 ms, found 4 plugins.
Preloading 0 native plugins for Editor in 0.00 ms.
Unloading 37 Unused Serialized files (Serialized files now loaded: 0)
Unloading 6766 unused Assets / (6.8 MB). Loaded Objects now: 7436.
Memory consumption went from 143.8 MB to 137.0 MB.
Total: 13.735300 ms (FindLiveObjects: 1.206700 ms CreateObjectMapping: 0.567000 ms MarkObjects: 7.670100 ms  DeleteObjects: 4.290600 ms)

========================================================================
Received Import Request.
  Time since last request: 61726.984831 seconds.
  path: Assets/NovaDevs/2D Platformer - Skull Garden  Tilesets Asset Pack/Trees/Background Tree 2.png
  artifactKey: Guid(87aaa2da5fea4f14bac5062a48e3c54a) Importer(815301076,1909f56bfc062723c751e8b465ee728b)
Start importing Assets/NovaDevs/2D Platformer - Skull Garden  Tilesets Asset Pack/Trees/Background Tree 2.png using Guid(87aaa2da5fea4f14bac5062a48e3c54a) Importer(815301076,1909f56bfc062723c751e8b465ee728b) (PreviewImporter) -> (artifact id: '1e5fd4c858a4c27a0c7539c615cf1768') in 0.1428466 seconds
Number of updated asset objects reloaded before import = 0Number of asset objects unloaded after import = 3

========================================================================
Received Import Request.
  Time since last request: 0.000025 seconds.
  path: Assets/NovaDevs/2D Platformer - Skull Garden  Tilesets Asset Pack/Trees/Background Tree 3.png
  artifactKey: Guid(55604b02744915740b229e6e5eb30992) Importer(815301076,1909f56bfc062723c751e8b465ee728b)
Start importing Assets/NovaDevs/2D Platformer - Skull Garden  Tilesets Asset Pack/Trees/Background Tree 3.png using Guid(55604b02744915740b229e6e5eb30992) Importer(815301076,1909f56bfc062723c751e8b465ee728b) (PreviewImporter) -> (artifact id: 'c55f676a4aa07972322c99aa35b43321') in 0.0263565 seconds
Number of updated asset objects reloaded before import = 0Number of asset objects unloaded after import = 3

========================================================================
Received Import Request.
  Time since last request: 0.000021 seconds.
  path: Assets/NovaDevs/2D Platformer - Skull Garden  Tilesets Asset Pack/Trees/Background Tree 7.png
  artifactKey: Guid(e761064d2a467724db0740f18d5cd9ac) Importer(815301076,1909f56bfc062723c751e8b465ee728b)
Start importing Assets/NovaDevs/2D Platformer - Skull Garden  Tilesets Asset Pack/Trees/Background Tree 7.png using Guid(e761064d2a467724db0740f18d5cd9ac) Importer(815301076,1909f56bfc062723c751e8b465ee728b) (PreviewImporter) -> (artifact id: 'c3f8dad625809d84cd4a0ce2aaf7d26e') in 0.0218456 seconds
Number of updated asset objects reloaded before import = 0Number of asset objects unloaded after import = 3

========================================================================
Received Import Request.
  Time since last request: 0.000021 seconds.
  path: Assets/NovaDevs/2D Platformer - Skull Garden  Tilesets Asset Pack/Trees/Far Background Tree 5.png
  artifactKey: Guid(05f06349e5bb112439460cb343deee66) Importer(815301076,1909f56bfc062723c751e8b465ee728b)
Start importing Assets/NovaDevs/2D Platformer - Skull Garden  Tilesets Asset Pack/Trees/Far Background Tree 5.png using Guid(05f06349e5bb112439460cb343deee66) Importer(815301076,1909f56bfc062723c751e8b465ee728b) (PreviewImporter) -> (artifact id: 'b70e11a7a817b2bdf269362c7eaa60ec') in 0.0198623 seconds
Number of updated asset objects reloaded before import = 0Number of asset objects unloaded after import = 3

========================================================================
Received Import Request.
  Time since last request: 0.000017 seconds.
  path: Assets/NovaDevs/2D Platformer - Skull Garden  Tilesets Asset Pack/Trees/Far Background Tree 1.png
  artifactKey: Guid(087867327c130e24b9ca2ad258f5be58) Importer(815301076,1909f56bfc062723c751e8b465ee728b)
Start importing Assets/NovaDevs/2D Platformer - Skull Garden  Tilesets Asset Pack/Trees/Far Background Tree 1.png using Guid(087867327c130e24b9ca2ad258f5be58) Importer(815301076,1909f56bfc062723c751e8b465ee728b) (PreviewImporter) -> (artifact id: 'b63f613989977e722cb056f4d399e17f') in 0.0221839 seconds
Number of updated asset objects reloaded before import = 0Number of asset objects unloaded after import = 3

========================================================================
Received Import Request.
  Time since last request: 0.000017 seconds.
  path: Assets/NovaDevs/2D Platformer - Skull Garden  Tilesets Asset Pack/Trees/Background Tree Bush 3.png
  artifactKey: Guid(c90c51e12448be844ab23f83df1991ba) Importer(815301076,1909f56bfc062723c751e8b465ee728b)
Start importing Assets/NovaDevs/2D Platformer - Skull Garden  Tilesets Asset Pack/Trees/Background Tree Bush 3.png using Guid(c90c51e12448be844ab23f83df1991ba) Importer(815301076,1909f56bfc062723c751e8b465ee728b) (PreviewImporter) -> (artifact id: '16d64ab29b98401f675d028a880501ce') in 0.0231191 seconds
Number of updated asset objects reloaded before import = 0Number of asset objects unloaded after import = 3

========================================================================
Received Import Request.
  Time since last request: 0.000018 seconds.
  path: Assets/NovaDevs/2D Platformer - Skull Garden  Tilesets Asset Pack/Trees/Background Tree 4.png
  artifactKey: Guid(41ba6c5275ed38e42a736983bb9303b0) Importer(815301076,1909f56bfc062723c751e8b465ee728b)
Start importing Assets/NovaDevs/2D Platformer - Skull Garden  Tilesets Asset Pack/Trees/Background Tree 4.png using Guid(41ba6c5275ed38e42a736983bb9303b0) Importer(815301076,1909f56bfc062723c751e8b465ee728b) (PreviewImporter) -> (artifact id: '4f4271dd661bdd26467d6de3b83405f0') in 0.0261071 seconds
Number of updated asset objects reloaded before import = 0Number of asset objects unloaded after import = 3

========================================================================
Received Import Request.
  Time since last request: 0.000026 seconds.
  path: Assets/NovaDevs/2D Platformer - Skull Garden  Tilesets Asset Pack/Trees/Background Tree 6.png
  artifactKey: Guid(e82d5aa5d240d28438f85f3a451361ca) Importer(815301076,1909f56bfc062723c751e8b465ee728b)
Start importing Assets/NovaDevs/2D Platformer - Skull Garden  Tilesets Asset Pack/Trees/Background Tree 6.png using Guid(e82d5aa5d240d28438f85f3a451361ca) Importer(815301076,1909f56bfc062723c751e8b465ee728b) (PreviewImporter) -> (artifact id: '0bb823dede65f63945293b7bda8aa2d7') in 0.0276423 seconds
Number of updated asset objects reloaded before import = 0Number of asset objects unloaded after import = 4

========================================================================
Received Prepare
Begin MonoManager ReloadAssembly
[Licensing::Client] Successfully resolved entitlement details
- Loaded All Assemblies, in  0.815 seconds
Refreshing native plugins compatible for Editor in 2.40 ms, found 4 plugins.
Native extension for WindowsStandalone target not found
[Package Manager] Failed to launch server process. Reason: Unity was launched with the -noUpm command-line argument
[Package Manager] Unable to send message (not connected to server process).
[Package Manager] Cannot connect to Unity Package Manager local server
Mono: successfully reloaded assembly
- Finished resetting the current domain, in  0.774 seconds
Domain Reload Profiling: 1588ms
	BeginReloadAssembly (245ms)
		ExecutionOrderSort (0ms)
		DisableScriptedObjects (17ms)
		BackupInstance (0ms)
		ReleaseScriptingObjects (0ms)
		CreateAndSetChildDomain (57ms)
	RebuildCommonClasses (41ms)
	RebuildNativeTypeToScriptingClass (15ms)
	initialDomainReloadingComplete (31ms)
	LoadAllAssembliesAndSetupDomain (481ms)
		LoadAssemblies (371ms)
		RebuildTransferFunctionScriptingTraits (0ms)
		AnalyzeDomain (208ms)
			TypeCache.Refresh (6ms)
				TypeCache.ScanAssembly (0ms)
			BuildScriptInfoCaches (187ms)
			ResolveRequiredComponents (11ms)
	FinalizeReload (774ms)
		ReleaseScriptCaches (0ms)
		RebuildScriptCaches (0ms)
		SetupLoadedEditorAssemblies (612ms)
			LogAssemblyErrors (0ms)
			InitializePlatformSupportModulesInManaged (2ms)
			SetLoadedEditorAssemblies (5ms)
			BeforeProcessingInitializeOnLoad (152ms)
			ProcessInitializeOnLoadAttributes (368ms)
			ProcessInitializeOnLoadMethodAttributes (77ms)
			AfterProcessingInitializeOnLoad (7ms)
			EditorAssembliesLoaded (0ms)
		ExecutionOrderSort2 (0ms)
		AwakeInstancesAfterBackupRestoration (19ms)
Refreshing native plugins compatible for Editor in 1.76 ms, found 4 plugins.
Preloading 0 native plugins for Editor in 0.00 ms.
Unloading 36 Unused Serialized files (Serialized files now loaded: 0)
Unloading 6764 unused Assets / (7.1 MB). Loaded Objects now: 7467.
Memory consumption went from 151.8 MB to 144.7 MB.
Total: 11.131900 ms (FindLiveObjects: 0.765000 ms CreateObjectMapping: 0.547300 ms MarkObjects: 5.670600 ms  DeleteObjects: 4.147900 ms)

Prepare: number of updated asset objects reloaded= 0
