[Licensing::Module] Trying to connect to existing licensing client channel...
Built from '6000.2/staging' branch; Version is '6000.2.4f1 (17550c9bb584) revision 1529100'; Using compiler version '194234433'; Build Type 'Release'
[Licensing::IpcConnector] Successfully connected to: "LicenseClient-cthda" at "2025-09-18T19:34:49.2012215Z"
OS: 'Windows 10  (10.0.19045) 64bit Core' Language: 'en' Physical Memory: 32694 MB
BatchMode: 1, IsHumanControllingUs: 0, StartBugReporterOnCrash: 0, Is64bit: 1
Date: 2025-09-18T19:34:49Z

COMMAND LINE ARGUMENTS:
C:\Program Files\Unity\Hub\Editor\6000.2.4f1\Editor\Unity.exe
-adb2
-batchMode
-noUpm
-name
AssetImportWorker3
-projectPath
C:/Users/cthda/Desktop/shit/Skool/Gamedev/lab1/My project
-logFile
Logs/AssetImportWorker3.log
-srvPort
52471
-licensingIpc
LicenseClient-cthda
-job-worker-count
5
-background-job-worker-count
8
-gc-helper-count
1
-name
AssetImport
Successfully changed project path to: C:/Users/cthda/Desktop/shit/Skool/Gamedev/lab1/My project
C:/Users/cthda/Desktop/shit/Skool/Gamedev/lab1/My project
[UnityMemory] Configuration Parameters - Can be set up in boot.config
    "memorysetup-allocator-temp-initial-block-size-main=262144"
    "memorysetup-allocator-temp-initial-block-size-worker=262144"
    "memorysetup-bucket-allocator-granularity=16"
    "memorysetup-bucket-allocator-bucket-count=8"
    "memorysetup-bucket-allocator-block-size=33554432"
    "memorysetup-bucket-allocator-block-count=8"
    "memorysetup-main-allocator-block-size=16777216"
    "memorysetup-thread-allocator-block-size=16777216"
    "memorysetup-gfx-main-allocator-block-size=16777216"
    "memorysetup-gfx-thread-allocator-block-size=16777216"
    "memorysetup-cache-allocator-block-size=4194304"
    "memorysetup-typetree-allocator-block-size=2097152"
    "memorysetup-profiler-bucket-allocator-granularity=16"
    "memorysetup-profiler-bucket-allocator-bucket-count=8"
    "memorysetup-profiler-bucket-allocator-block-size=33554432"
    "memorysetup-profiler-bucket-allocator-block-count=8"
    "memorysetup-profiler-allocator-block-size=16777216"
    "memorysetup-profiler-editor-allocator-block-size=1048576"
    "memorysetup-temp-allocator-size-main=16777216"
    "memorysetup-job-temp-allocator-block-size=2097152"
    "memorysetup-job-temp-allocator-block-size-background=1048576"
    "memorysetup-job-temp-allocator-reduction-small-platforms=262144"
    "memorysetup-temp-allocator-size-background-worker=32768"
    "memorysetup-temp-allocator-size-job-worker=262144"
    "memorysetup-temp-allocator-size-preload-manager=33554432"
    "memorysetup-temp-allocator-size-nav-mesh-worker=65536"
    "memorysetup-temp-allocator-size-audio-worker=65536"
    "memorysetup-temp-allocator-size-cloud-worker=32768"
    "memorysetup-temp-allocator-size-gi-baking-worker=262144"
    "memorysetup-temp-allocator-size-gi-baking-worker=262144"
    "memorysetup-temp-allocator-size-gi-baking-worker=262144"
    "memorysetup-temp-allocator-size-gi-baking-worker=262144"
    "memorysetup-temp-allocator-size-gi-baking-worker=262144"
    "memorysetup-temp-allocator-size-gfx=262144"
Player connection [16644]  Target information:

Player connection [16644]  * "[IP] 192.168.66.13 [Port] 0 [Flags] 2 [Guid] 2302104996 [EditorId] 2302104996 [Version] 1048832 [Id] WindowsEditor(7,lingyuan-PC) [Debug] 1 [PackageName] WindowsEditor [ProjectName] Editor" 

Player connection [16644]  * "[IP] 100.73.116.102 [Port] 0 [Flags] 2 [Guid] 2302104996 [EditorId] 2302104996 [Version] 1048832 [Id] WindowsEditor(7,lingyuan-PC) [Debug] 1 [PackageName] WindowsEditor [ProjectName] Editor" 

Player connection [16644] Host joined multi-casting on [225.0.0.222:54997]...
Player connection [16644] Host joined alternative multi-casting on [225.0.0.222:34997]...
JobSystem: Creating JobQueue using job-worker-count value 5
Input System module state changed to: Initialized.
[Physics::Module] Initialized fallback backend.
[Physics::Module] Id: 0xdecafbad
[Licensing::Client] Code 10 while verifying Licensing Client signature (process Id: 18784, path: "C:/Program Files/Unity Hub/UnityLicensingClient_V1/Unity.Licensing.Client.exe")
[Licensing::Module] LicensingClient has failed validation; ignoring
[Licensing::Client] Error: HandshakeResponse reported an error:
	ResponseCode: 505
	ResponseStatus: Unsupported protocol version '1.17.2'.
[Licensing::Module] Error: Failed to handshake to channel: "LicenseClient-cthda"
[Licensing::IpcConnector] LicenseClient-cthda channel disconnected successfully.
[Licensing::IpcConnector] Successfully connected to: "LicenseClient-cthda-6000.2.4" at "2025-09-18T19:34:49.2503182Z"
[Licensing::Client] Code 10 while verifying Licensing Client signature (process Id: 31604, path: "C:/Program Files/Unity/Hub/Editor/6000.2.4f1/Editor/Data/Resources/Licensing/Client/Unity.Licensing.Client.exe")
[Licensing::Module] LicensingClient has failed validation; ignoring
[Licensing::Client] Handshaking with LicensingClient:
  Version:                 1.17.2+ff71f16
  Session Id:              69c6643e7e4f41ce902945064232de33
  Correlation Id:          dd18a73d75c956440183d56127af5406
  External correlation Id: 2695785681464853106
  Machine Id:              kMEcHrwB98pmyAfTmCb7cj7Zytk=
[Licensing::Module] Successfully connected to LicensingClient on channel: "LicenseClient-cthda-6000.2.4" (connect: 0.00s, validation: 0.00s, handshake: 0.01s)
[Licensing::IpcConnector] Successfully connected to: "LicenseClient-cthda-6000.2.4-notifications" at "2025-09-18T19:34:49.2585713Z"
[Licensing::Module] Licensing Background thread has ended after 0.06s
Library Redirect Path: Library/
[Physics::Module] Selected backend.
[Physics::Module] Name: PhysX
[Physics::Module] Id: 0xf2b8ea05
[Physics::Module] SDK Version: 4.1.2
[Physics::Module] Integration Version: 1.0.0
[Physics::Module] Threading Mode: Multi-Threaded
Refreshing native plugins compatible for Editor in 4.90 ms, found 4 plugins.
Preloading 0 native plugins for Editor in 0.00 ms.
Initialize engine version: 6000.2.4f1 (17550c9bb584)
[Subsystems] Discovering subsystems at path C:/Program Files/Unity/Hub/Editor/6000.2.4f1/Editor/Data/Resources/UnitySubsystems
[Subsystems] Discovering subsystems at path C:/Users/cthda/Desktop/shit/Skool/Gamedev/lab1/My project/Assets
GfxDevice: creating device client; kGfxThreadingModeNonThreaded
d3d12: failed to query info queue interface (0x80004002).
Direct3D:
    Version:         Direct3D 12 [level 12.1]
    Renderer:        NVIDIA GeForce RTX 3070 (ID=0x2484)
    Vendor:          NVIDIA
    VRAM:            8018 MB
    App VRAM Budget: 7250 MB
    Driver:          32.0.15.7602
Initialize mono
Mono path[0] = 'C:/Program Files/Unity/Hub/Editor/6000.2.4f1/Editor/Data/Managed'
Mono path[1] = 'C:/Program Files/Unity/Hub/Editor/6000.2.4f1/Editor/Data/MonoBleedingEdge/lib/mono/unityjit-win32'
Mono config path = 'C:/Program Files/Unity/Hub/Editor/6000.2.4f1/Editor/Data/MonoBleedingEdge/etc'
Using monoOptions --debugger-agent=transport=dt_socket,embedding=1,server=y,suspend=n,address=127.0.0.1:56200
Begin MonoManager ReloadAssembly
Registering precompiled unity dll's ...
Register platform support module: C:/Program Files/Unity/Hub/Editor/6000.2.4f1/Editor/Data/PlaybackEngines/WindowsStandaloneSupport/UnityEditor.WindowsStandalone.Extensions.dll
Registered in 0.001934 seconds.
- Loaded All Assemblies, in  0.381 seconds
Native extension for WindowsStandalone target not found
Mono: successfully reloaded assembly
- Finished resetting the current domain, in  0.344 seconds
Domain Reload Profiling: 724ms
	BeginReloadAssembly (135ms)
		ExecutionOrderSort (0ms)
		DisableScriptedObjects (0ms)
		BackupInstance (0ms)
		ReleaseScriptingObjects (0ms)
		CreateAndSetChildDomain (1ms)
	RebuildCommonClasses (36ms)
	RebuildNativeTypeToScriptingClass (13ms)
	initialDomainReloadingComplete (48ms)
	LoadAllAssembliesAndSetupDomain (147ms)
		LoadAssemblies (132ms)
		RebuildTransferFunctionScriptingTraits (0ms)
		AnalyzeDomain (144ms)
			TypeCache.Refresh (142ms)
				TypeCache.ScanAssembly (130ms)
			BuildScriptInfoCaches (0ms)
			ResolveRequiredComponents (0ms)
	FinalizeReload (345ms)
		ReleaseScriptCaches (0ms)
		RebuildScriptCaches (0ms)
		SetupLoadedEditorAssemblies (298ms)
			LogAssemblyErrors (0ms)
			InitializePlatformSupportModulesInManaged (51ms)
			SetLoadedEditorAssemblies (4ms)
			BeforeProcessingInitializeOnLoad (67ms)
			ProcessInitializeOnLoadAttributes (124ms)
			ProcessInitializeOnLoadMethodAttributes (53ms)
			AfterProcessingInitializeOnLoad (0ms)
			EditorAssembliesLoaded (0ms)
		ExecutionOrderSort2 (0ms)
		AwakeInstancesAfterBackupRestoration (0ms)
========================================================================
Worker process is ready to serve import requests
Import Worker Mode flag is 0x00
Begin MonoManager ReloadAssembly
[Licensing::Client] Successfully resolved entitlement details
[Licensing::Module] License group:
  Id: 18968331106513-UnityPersXXXX
  Product: Unity Personal
  Type: Assigned
  Expiration: Unlimited
- Loaded All Assemblies, in  0.824 seconds
Refreshing native plugins compatible for Editor in 1.79 ms, found 4 plugins.
Native extension for WindowsStandalone target not found
Package Manager log level set to [2]
[Package Manager] Failed to launch server process. Reason: Unity was launched with the -noUpm command-line argument
[Package Manager] Unable to send message (not connected to server process).
[Package Manager] Cannot connect to Unity Package Manager local server
Mono: successfully reloaded assembly
- Finished resetting the current domain, in  0.825 seconds
Domain Reload Profiling: 1644ms
	BeginReloadAssembly (186ms)
		ExecutionOrderSort (0ms)
		DisableScriptedObjects (8ms)
		BackupInstance (0ms)
		ReleaseScriptingObjects (0ms)
		CreateAndSetChildDomain (28ms)
	RebuildCommonClasses (45ms)
	RebuildNativeTypeToScriptingClass (13ms)
	initialDomainReloadingComplete (42ms)
	LoadAllAssembliesAndSetupDomain (533ms)
		LoadAssemblies (377ms)
		RebuildTransferFunctionScriptingTraits (0ms)
		AnalyzeDomain (263ms)
			TypeCache.Refresh (184ms)
				TypeCache.ScanAssembly (171ms)
			BuildScriptInfoCaches (64ms)
			ResolveRequiredComponents (11ms)
	FinalizeReload (825ms)
		ReleaseScriptCaches (0ms)
		RebuildScriptCaches (0ms)
		SetupLoadedEditorAssemblies (684ms)
			LogAssemblyErrors (0ms)
			InitializePlatformSupportModulesInManaged (2ms)
			SetLoadedEditorAssemblies (5ms)
			BeforeProcessingInitializeOnLoad (146ms)
			ProcessInitializeOnLoadAttributes (400ms)
			ProcessInitializeOnLoadMethodAttributes (123ms)
			AfterProcessingInitializeOnLoad (8ms)
			EditorAssembliesLoaded (0ms)
		ExecutionOrderSort2 (0ms)
		AwakeInstancesAfterBackupRestoration (7ms)
Launched and connected shader compiler UnityShaderCompiler.exe after 0.01 seconds
Refreshing native plugins compatible for Editor in 1.73 ms, found 4 plugins.
Preloading 0 native plugins for Editor in 0.00 ms.
Unloading 37 Unused Serialized files (Serialized files now loaded: 0)
Unloading 6766 unused Assets / (7.1 MB). Loaded Objects now: 7433.
Memory consumption went from 143.8 MB to 136.6 MB.
Total: 9.953500 ms (FindLiveObjects: 0.733100 ms CreateObjectMapping: 0.847800 ms MarkObjects: 4.682500 ms  DeleteObjects: 3.689100 ms)

========================================================================
Received Import Request.
  Time since last request: 61003.892301 seconds.
  path: Assets/NovaDevs/2D Platformer - Skull Garden  Tilesets Asset Pack/Rocks/Rock-02.png
  artifactKey: Guid(b9693779d3ef4bb47bbaca0a6173a908) Importer(815301076,1909f56bfc062723c751e8b465ee728b)
Start importing Assets/NovaDevs/2D Platformer - Skull Garden  Tilesets Asset Pack/Rocks/Rock-02.png using Guid(b9693779d3ef4bb47bbaca0a6173a908) Importer(815301076,1909f56bfc062723c751e8b465ee728b) (PreviewImporter) -> (artifact id: '8b5f6fbd9799203263f4dcb9f29650be') in 0.1302079 seconds
Number of updated asset objects reloaded before import = 0Number of asset objects unloaded after import = 3

========================================================================
Received Import Request.
  Time since last request: 0.000018 seconds.
  path: Assets/NovaDevs/2D Platformer - Skull Garden  Tilesets Asset Pack/Rocks/Rock-17.png
  artifactKey: Guid(e9875b169ce135d47ab2e587754a5ef8) Importer(815301076,1909f56bfc062723c751e8b465ee728b)
Start importing Assets/NovaDevs/2D Platformer - Skull Garden  Tilesets Asset Pack/Rocks/Rock-17.png using Guid(e9875b169ce135d47ab2e587754a5ef8) Importer(815301076,1909f56bfc062723c751e8b465ee728b) (PreviewImporter) -> (artifact id: '4287de5c7ca499b1177e42aab65f0f31') in 0.0192019 seconds
Number of updated asset objects reloaded before import = 0Number of asset objects unloaded after import = 3

========================================================================
Received Import Request.
  Time since last request: 0.000024 seconds.
  path: Assets/NovaDevs/2D Platformer - Skull Garden  Tilesets Asset Pack/Rocks/Rock-25.png
  artifactKey: Guid(9efcbb39bfa7116408f157204599d160) Importer(815301076,1909f56bfc062723c751e8b465ee728b)
Start importing Assets/NovaDevs/2D Platformer - Skull Garden  Tilesets Asset Pack/Rocks/Rock-25.png using Guid(9efcbb39bfa7116408f157204599d160) Importer(815301076,1909f56bfc062723c751e8b465ee728b) (PreviewImporter) -> (artifact id: '477831b6e1e51223ebe5d72cb36ef0f5') in 0.0207883 seconds
Number of updated asset objects reloaded before import = 0Number of asset objects unloaded after import = 3

========================================================================
Received Import Request.
  Time since last request: 0.000015 seconds.
  path: Assets/NovaDevs/2D Platformer - Skull Garden  Tilesets Asset Pack/Rocks/Rock-22.png
  artifactKey: Guid(97ff2ec1b147e46409710869cc03cc1f) Importer(815301076,1909f56bfc062723c751e8b465ee728b)
Start importing Assets/NovaDevs/2D Platformer - Skull Garden  Tilesets Asset Pack/Rocks/Rock-22.png using Guid(97ff2ec1b147e46409710869cc03cc1f) Importer(815301076,1909f56bfc062723c751e8b465ee728b) (PreviewImporter) -> (artifact id: '4765438e7a5323cd5c61e2d24fb098c9') in 0.0218827 seconds
Number of updated asset objects reloaded before import = 0Number of asset objects unloaded after import = 3

========================================================================
Received Import Request.
  Time since last request: 0.000016 seconds.
  path: Assets/NovaDevs/2D Platformer - Skull Garden  Tilesets Asset Pack/Rocks/Rock-24.png
  artifactKey: Guid(4e3c15d6baa29834f82de16943b121a7) Importer(815301076,1909f56bfc062723c751e8b465ee728b)
Start importing Assets/NovaDevs/2D Platformer - Skull Garden  Tilesets Asset Pack/Rocks/Rock-24.png using Guid(4e3c15d6baa29834f82de16943b121a7) Importer(815301076,1909f56bfc062723c751e8b465ee728b) (PreviewImporter) -> (artifact id: '6b27369ff2e8467b14a636e6abf1103f') in 0.0196497 seconds
Number of updated asset objects reloaded before import = 0Number of asset objects unloaded after import = 3

========================================================================
Received Import Request.
  Time since last request: 0.000021 seconds.
  path: Assets/NovaDevs/2D Platformer - Skull Garden  Tilesets Asset Pack/Rocks/Rock-05.png
  artifactKey: Guid(0c2563980fe0e8c488d37ad550099829) Importer(815301076,1909f56bfc062723c751e8b465ee728b)
Start importing Assets/NovaDevs/2D Platformer - Skull Garden  Tilesets Asset Pack/Rocks/Rock-05.png using Guid(0c2563980fe0e8c488d37ad550099829) Importer(815301076,1909f56bfc062723c751e8b465ee728b) (PreviewImporter) -> (artifact id: '0747d59630b143d7da9bc280cb5fbc11') in 0.02191 seconds
Number of updated asset objects reloaded before import = 0Number of asset objects unloaded after import = 3

========================================================================
Received Import Request.
  Time since last request: 0.000026 seconds.
  path: Assets/NovaDevs/2D Platformer - Skull Garden  Tilesets Asset Pack/Rocks/Rock-09.png
  artifactKey: Guid(83bcc3da866cb364fa1d2760f386a1c5) Importer(815301076,1909f56bfc062723c751e8b465ee728b)
Start importing Assets/NovaDevs/2D Platformer - Skull Garden  Tilesets Asset Pack/Rocks/Rock-09.png using Guid(83bcc3da866cb364fa1d2760f386a1c5) Importer(815301076,1909f56bfc062723c751e8b465ee728b) (PreviewImporter) -> (artifact id: 'be4fcbb1c059999abb4f7551e71d909f') in 0.025184 seconds
Number of updated asset objects reloaded before import = 0Number of asset objects unloaded after import = 3

========================================================================
Received Import Request.
  Time since last request: 0.000024 seconds.
  path: Assets/NovaDevs/2D Platformer - Skull Garden  Tilesets Asset Pack/Rocks/Rock-19.png
  artifactKey: Guid(40259b2d8a8c5b6479ad7e654196a8d1) Importer(815301076,1909f56bfc062723c751e8b465ee728b)
Start importing Assets/NovaDevs/2D Platformer - Skull Garden  Tilesets Asset Pack/Rocks/Rock-19.png using Guid(40259b2d8a8c5b6479ad7e654196a8d1) Importer(815301076,1909f56bfc062723c751e8b465ee728b) (PreviewImporter) -> (artifact id: 'a0b2e0ada456328da95201eb12b268f0') in 0.0218933 seconds
Number of updated asset objects reloaded before import = 0Number of asset objects unloaded after import = 3

========================================================================
Received Import Request.
  Time since last request: 0.000017 seconds.
  path: Assets/NovaDevs/2D Platformer - Skull Garden  Tilesets Asset Pack/Rocks/Rock-04.png
  artifactKey: Guid(4d9a108acf425ef46a8e6deeaa5667d0) Importer(815301076,1909f56bfc062723c751e8b465ee728b)
Start importing Assets/NovaDevs/2D Platformer - Skull Garden  Tilesets Asset Pack/Rocks/Rock-04.png using Guid(4d9a108acf425ef46a8e6deeaa5667d0) Importer(815301076,1909f56bfc062723c751e8b465ee728b) (PreviewImporter) -> (artifact id: '844ac964bac8c86d0ef0e8cb54d000c8') in 0.0208729 seconds
Number of updated asset objects reloaded before import = 0Number of asset objects unloaded after import = 3

========================================================================
Received Import Request.
  Time since last request: 0.000018 seconds.
  path: Assets/NovaDevs/2D Platformer - Skull Garden  Tilesets Asset Pack/Rocks/Rock-18.png
  artifactKey: Guid(acda70dba1a2ff145b110a9980cff68e) Importer(815301076,1909f56bfc062723c751e8b465ee728b)
Start importing Assets/NovaDevs/2D Platformer - Skull Garden  Tilesets Asset Pack/Rocks/Rock-18.png using Guid(acda70dba1a2ff145b110a9980cff68e) Importer(815301076,1909f56bfc062723c751e8b465ee728b) (PreviewImporter) -> (artifact id: 'b9705c372b61446040cc43caa5915723') in 0.0211185 seconds
Number of updated asset objects reloaded before import = 0Number of asset objects unloaded after import = 3

========================================================================
Received Import Request.
  Time since last request: 0.000016 seconds.
  path: Assets/NovaDevs/2D Platformer - Skull Garden  Tilesets Asset Pack/Rocks/Rock-12.png
  artifactKey: Guid(6c77e0ead6838814ca854ca2f80af830) Importer(815301076,1909f56bfc062723c751e8b465ee728b)
Start importing Assets/NovaDevs/2D Platformer - Skull Garden  Tilesets Asset Pack/Rocks/Rock-12.png using Guid(6c77e0ead6838814ca854ca2f80af830) Importer(815301076,1909f56bfc062723c751e8b465ee728b) (PreviewImporter) -> (artifact id: '417a7a3ebdd7191070eb5e58247e84a1') in 0.0227044 seconds
Number of updated asset objects reloaded before import = 0Number of asset objects unloaded after import = 3

========================================================================
Received Import Request.
  Time since last request: 0.000025 seconds.
  path: Assets/NovaDevs/2D Platformer - Skull Garden  Tilesets Asset Pack/Prefabs/Stone Podium_0.prefab
  artifactKey: Guid(bf6864353a52fab42bfced8e9060e877) Importer(815301076,1909f56bfc062723c751e8b465ee728b)
Start importing Assets/NovaDevs/2D Platformer - Skull Garden  Tilesets Asset Pack/Prefabs/Stone Podium_0.prefab using Guid(bf6864353a52fab42bfced8e9060e877) Importer(815301076,1909f56bfc062723c751e8b465ee728b) (PreviewImporter) -> (artifact id: '7ad331e3e8eab957b95008d038ce9731') in 0.6002188 seconds
Number of updated asset objects reloaded before import = 0Number of asset objects unloaded after import = 18

Editor requested this worker to shutdown with reason: Scaling down because of idle timeout
AssetImportWorker is now disconnected from the server
Process exiting
Exiting without the bug reporter. Application will terminate with return code 0